[2020-07-18 01:26:01] request.INFO: Matched route "app_course_getall". {"route":"app_course_getall","route_parameters":{"_controller":"AppBundle\\Controller\\CourseController::getAll","_route":"app_course_getall"},"request_uri":"http://localhost:8001/api/getcourse","method":"GET"} []
[2020-07-18 01:26:01] security.INFO: Populated the TokenStorage with an anonymous Token. [] []
[2020-07-18 01:26:01] app.INFO: this is a test message [] []
[2020-08-02 03:04:14] request.INFO: Matched route "app_course_getall". {"route":"app_course_getall","route_parameters":{"_controller":"AppBundle\\Controller\\CourseController::getAll","_route":"app_course_getall"},"request_uri":"http://localhost:8001/api/getcourse","method":"GET"} []
[2020-08-02 03:04:14] security.INFO: Populated the TokenStorage with an anonymous Token. [] []
[2020-08-02 03:04:15] app.INFO: this is a test message [] []
[2020-08-02 03:04:16] php.INFO: User Deprecated: Creating Doctrine\ORM\Mapping\UnderscoreNamingStrategy without making it number aware is deprecated and will be removed in Doctrine ORM 3.0. {"exception":"[object] (ErrorException(code: 0): User Deprecated: Creating Doctrine\\ORM\\Mapping\\UnderscoreNamingStrategy without making it number aware is deprecated and will be removed in Doctrine ORM 3.0. at /var/www/backend_app/vendor/doctrine/orm/lib/Doctrine/ORM/Mapping/UnderscoreNamingStrategy.php:66)"} []
[2020-08-02 03:04:40] request.INFO: Matched route "app_course_getall". {"route":"app_course_getall","route_parameters":{"_controller":"AppBundle\\Controller\\CourseController::getAll","_route":"app_course_getall"},"request_uri":"http://localhost:8001/api/getcourse","method":"GET"} []
[2020-08-02 03:04:40] security.INFO: Populated the TokenStorage with an anonymous Token. [] []
[2020-08-02 03:04:41] app.INFO: this is a test message [] []
[2020-08-02 03:04:41] php.INFO: User Deprecated: Creating Doctrine\ORM\Mapping\UnderscoreNamingStrategy without making it number aware is deprecated and will be removed in Doctrine ORM 3.0. {"exception":"[object] (ErrorException(code: 0): User Deprecated: Creating Doctrine\\ORM\\Mapping\\UnderscoreNamingStrategy without making it number aware is deprecated and will be removed in Doctrine ORM 3.0. at /var/www/backend_app/vendor/doctrine/orm/lib/Doctrine/ORM/Mapping/UnderscoreNamingStrategy.php:66)"} []
[2020-08-02 03:04:55] request.ERROR: Uncaught PHP Exception Symfony\Component\HttpKernel\Exception\NotFoundHttpException: "No route found for "GET /src"" at /var/www/backend_app/vendor/symfony/symfony/src/Symfony/Component/HttpKernel/EventListener/RouterListener.php line 128 {"exception":"[object] (Symfony\\Component\\HttpKernel\\Exception\\NotFoundHttpException(code: 0): No route found for \"GET /src\" at /var/www/backend_app/vendor/symfony/symfony/src/Symfony/Component/HttpKernel/EventListener/RouterListener.php:128, Symfony\\Component\\Routing\\Exception\\ResourceNotFoundException(code: 0):  at /var/www/backend_app/var/cache/prod/appProdProjectContainerUrlMatcher.php:438)"} []
[2020-08-02 03:05:35] request.ERROR: Uncaught PHP Exception Symfony\Component\HttpKernel\Exception\NotFoundHttpException: "No route found for "GET /src/"" at /var/www/backend_app/vendor/symfony/symfony/src/Symfony/Component/HttpKernel/EventListener/RouterListener.php line 128 {"exception":"[object] (Symfony\\Component\\HttpKernel\\Exception\\NotFoundHttpException(code: 0): No route found for \"GET /src/\" at /var/www/backend_app/vendor/symfony/symfony/src/Symfony/Component/HttpKernel/EventListener/RouterListener.php:128, Symfony\\Component\\Routing\\Exception\\ResourceNotFoundException(code: 0):  at /var/www/backend_app/var/cache/prod/appProdProjectContainerUrlMatcher.php:438)"} []
[2020-08-02 03:07:02] request.INFO: Matched route "homepage". {"route":"homepage","route_parameters":{"_controller":"AppBundle\\Controller\\DefaultController::indexAction","_route":"homepage"},"request_uri":"http://localhost:8001/","method":"GET"} []
[2020-08-02 03:07:02] security.INFO: Populated the TokenStorage with an anonymous Token. [] []
[2020-08-02 03:07:07] request.INFO: Matched route "homepage". {"route":"homepage","route_parameters":{"_controller":"AppBundle\\Controller\\DefaultController::indexAction","_route":"homepage"},"request_uri":"http://localhost:8001/","method":"GET"} []
[2020-08-02 03:07:07] security.INFO: Populated the TokenStorage with an anonymous Token. [] []
[2020-08-02 03:07:18] request.INFO: Matched route "app_course_getall". {"route":"app_course_getall","route_parameters":{"_controller":"AppBundle\\Controller\\CourseController::getAll","_route":"app_course_getall"},"request_uri":"http://localhost:8001/api/getcourse","method":"GET"} []
[2020-08-02 03:07:18] security.INFO: Populated the TokenStorage with an anonymous Token. [] []
[2020-08-02 03:07:19] app.INFO: this is a test message [] []
[2020-08-02 03:07:19] php.INFO: User Deprecated: Creating Doctrine\ORM\Mapping\UnderscoreNamingStrategy without making it number aware is deprecated and will be removed in Doctrine ORM 3.0. {"exception":"[object] (ErrorException(code: 0): User Deprecated: Creating Doctrine\\ORM\\Mapping\\UnderscoreNamingStrategy without making it number aware is deprecated and will be removed in Doctrine ORM 3.0. at /var/www/backend_app/vendor/doctrine/orm/lib/Doctrine/ORM/Mapping/UnderscoreNamingStrategy.php:66)"} []
[2020-08-02 03:07:47] request.ERROR: Uncaught PHP Exception Symfony\Component\HttpKernel\Exception\NotFoundHttpException: "No route found for "GET /src"" at /var/www/backend_app/vendor/symfony/symfony/src/Symfony/Component/HttpKernel/EventListener/RouterListener.php line 128 {"exception":"[object] (Symfony\\Component\\HttpKernel\\Exception\\NotFoundHttpException(code: 0): No route found for \"GET /src\" at /var/www/backend_app/vendor/symfony/symfony/src/Symfony/Component/HttpKernel/EventListener/RouterListener.php:128, Symfony\\Component\\Routing\\Exception\\ResourceNotFoundException(code: 0):  at /var/www/backend_app/var/cache/prod/appProdProjectContainerUrlMatcher.php:438)"} []
[2020-08-02 03:08:23] request.ERROR: Uncaught PHP Exception Symfony\Component\HttpKernel\Exception\NotFoundHttpException: "No route found for "GET /src/"" at /var/www/backend_app/vendor/symfony/symfony/src/Symfony/Component/HttpKernel/EventListener/RouterListener.php line 128 {"exception":"[object] (Symfony\\Component\\HttpKernel\\Exception\\NotFoundHttpException(code: 0): No route found for \"GET /src/\" at /var/www/backend_app/vendor/symfony/symfony/src/Symfony/Component/HttpKernel/EventListener/RouterListener.php:128, Symfony\\Component\\Routing\\Exception\\ResourceNotFoundException(code: 0):  at /var/www/backend_app/var/cache/prod/appProdProjectContainerUrlMatcher.php:438)"} []
[2020-08-02 03:18:14] request.ERROR: Uncaught PHP Exception Symfony\Component\HttpKernel\Exception\NotFoundHttpException: "No route found for "GET /src/"" at /var/www/backend_app/vendor/symfony/symfony/src/Symfony/Component/HttpKernel/EventListener/RouterListener.php line 128 {"exception":"[object] (Symfony\\Component\\HttpKernel\\Exception\\NotFoundHttpException(code: 0): No route found for \"GET /src/\" at /var/www/backend_app/vendor/symfony/symfony/src/Symfony/Component/HttpKernel/EventListener/RouterListener.php:128, Symfony\\Component\\Routing\\Exception\\ResourceNotFoundException(code: 0):  at /var/www/backend_app/var/cache/prod/appProdProjectContainerUrlMatcher.php:438)"} []
[2020-08-02 03:18:31] request.ERROR: Uncaught PHP Exception Symfony\Component\HttpKernel\Exception\NotFoundHttpException: "No route found for "GET /src/"" at /var/www/backend_app/vendor/symfony/symfony/src/Symfony/Component/HttpKernel/EventListener/RouterListener.php line 128 {"exception":"[object] (Symfony\\Component\\HttpKernel\\Exception\\NotFoundHttpException(code: 0): No route found for \"GET /src/\" at /var/www/backend_app/vendor/symfony/symfony/src/Symfony/Component/HttpKernel/EventListener/RouterListener.php:128, Symfony\\Component\\Routing\\Exception\\ResourceNotFoundException(code: 0):  at /var/www/backend_app/var/cache/prod/appProdProjectContainerUrlMatcher.php:438)"} []
[2020-08-04 15:16:19] request.INFO: Matched route "homepage". {"route":"homepage","route_parameters":{"_controller":"AppBundle\\Controller\\DefaultController::indexAction","_route":"homepage"},"request_uri":"http://localhost:8001/","method":"GET"} []
[2020-08-04 15:16:19] security.INFO: Populated the TokenStorage with an anonymous Token. [] []
[2020-08-04 15:16:27] request.INFO: Matched route "app_course_getall". {"route":"app_course_getall","route_parameters":{"_controller":"AppBundle\\Controller\\CourseController::getAll","_route":"app_course_getall"},"request_uri":"http://localhost:8001/api/getcourse","method":"GET"} []
[2020-08-04 15:16:27] security.INFO: Populated the TokenStorage with an anonymous Token. [] []
[2020-08-04 15:16:29] app.INFO: this is a test message [] []
[2020-08-04 15:16:29] php.INFO: User Deprecated: Creating Doctrine\ORM\Mapping\UnderscoreNamingStrategy without making it number aware is deprecated and will be removed in Doctrine ORM 3.0. {"exception":"[object] (ErrorException(code: 0): User Deprecated: Creating Doctrine\\ORM\\Mapping\\UnderscoreNamingStrategy without making it number aware is deprecated and will be removed in Doctrine ORM 3.0. at /var/www/backend_app/vendor/doctrine/orm/lib/Doctrine/ORM/Mapping/UnderscoreNamingStrategy.php:66)"} []
[2020-08-04 15:16:51] request.INFO: Matched route "app_login_login". {"route":"app_login_login","route_parameters":{"_controller":"AppBundle\\Controller\\LoginController::login","_route":"app_login_login"},"request_uri":"http://localhost:8001/api/login","method":"POST"} []
[2020-08-04 15:16:51] security.INFO: Populated the TokenStorage with an anonymous Token. [] []
[2020-08-04 15:16:53] app.DEBUG: usuario: hhugohm@gmail.com pwd: Temporal001 [] []
[2020-08-04 15:16:54] php.INFO: User Deprecated: Creating Doctrine\ORM\Mapping\UnderscoreNamingStrategy without making it number aware is deprecated and will be removed in Doctrine ORM 3.0. {"exception":"[object] (ErrorException(code: 0): User Deprecated: Creating Doctrine\\ORM\\Mapping\\UnderscoreNamingStrategy without making it number aware is deprecated and will be removed in Doctrine ORM 3.0. at /var/www/backend_app/vendor/doctrine/orm/lib/Doctrine/ORM/Mapping/UnderscoreNamingStrategy.php:66)"} []
[2020-08-04 15:17:12] request.INFO: Matched route "app_login_login". {"route":"app_login_login","route_parameters":{"_controller":"AppBundle\\Controller\\LoginController::login","_route":"app_login_login"},"request_uri":"http://localhost:8001/api/login","method":"POST"} []
[2020-08-04 15:17:13] security.INFO: Populated the TokenStorage with an anonymous Token. [] []
[2020-08-04 15:17:15] app.DEBUG: usuario: hhugohm@gmail.com pwd: Temporal001 [] []
[2020-08-04 15:17:15] php.INFO: User Deprecated: Creating Doctrine\ORM\Mapping\UnderscoreNamingStrategy without making it number aware is deprecated and will be removed in Doctrine ORM 3.0. {"exception":"[object] (ErrorException(code: 0): User Deprecated: Creating Doctrine\\ORM\\Mapping\\UnderscoreNamingStrategy without making it number aware is deprecated and will be removed in Doctrine ORM 3.0. at /var/www/backend_app/vendor/doctrine/orm/lib/Doctrine/ORM/Mapping/UnderscoreNamingStrategy.php:66)"} []
[2020-08-04 15:18:12] request.INFO: Matched route "app_login_login". {"route":"app_login_login","route_parameters":{"_controller":"AppBundle\\Controller\\LoginController::login","_route":"app_login_login"},"request_uri":"http://localhost:8001/api/login","method":"POST"} []
[2020-08-04 15:18:13] security.INFO: Populated the TokenStorage with an anonymous Token. [] []
[2020-08-04 15:18:14] app.DEBUG: usuario: mario.hidalgom@yahoo.com.mx pwd: N30sdiscom18 [] []
[2020-08-04 15:18:14] php.INFO: User Deprecated: Creating Doctrine\ORM\Mapping\UnderscoreNamingStrategy without making it number aware is deprecated and will be removed in Doctrine ORM 3.0. {"exception":"[object] (ErrorException(code: 0): User Deprecated: Creating Doctrine\\ORM\\Mapping\\UnderscoreNamingStrategy without making it number aware is deprecated and will be removed in Doctrine ORM 3.0. at /var/www/backend_app/vendor/doctrine/orm/lib/Doctrine/ORM/Mapping/UnderscoreNamingStrategy.php:66)"} []
[2020-08-04 15:18:15] app.DEBUG: jwt: eyJ0eXAiOiJKV1QiLCJhbGciOiJIUzI1NiJ9.eyJpYXQiOjE1OTY1NTQyOTUsImV4cCI6MTU5OTE0NjI5NSwibWFpbCI6Im1hcmlvLmhpZGFsZ29tQHlhaG9vLmNvbS5teCIsIm5hbWUiOiJNYXJpbyBIaWRhbGdvIE1hcnRcdTAwYzNcdTAwYWRuZXoiLCJyb2wiOjJ9.sgcxqIC0aWApgD5kXIJ_mtbHX8KtO-bvCtXEZgU8x3s [] []
[2020-08-04 15:18:19] request.INFO: Matched route "app_course_getcoursesbyuser". {"route":"app_course_getcoursesbyuser","route_parameters":{"_controller":"AppBundle\\Controller\\CourseController::getCoursesByUser","_route":"app_course_getcoursesbyuser"},"request_uri":"http://localhost:8001/api/course/getCoursesByUser","method":"POST"} []
[2020-08-04 15:18:20] security.INFO: Populated the TokenStorage with an anonymous Token. [] []
[2020-08-04 15:18:21] app.DEBUG: eyJ0eXAiOiJKV1QiLCJhbGciOiJIUzI1NiJ9.eyJpYXQiOjE1OTY1NTQyOTUsImV4cCI6MTU5OTE0NjI5NSwibWFpbCI6Im1hcmlvLmhpZGFsZ29tQHlhaG9vLmNvbS5teCIsIm5hbWUiOiJNYXJpbyBIaWRhbGdvIE1hcnRcdTAwYzNcdTAwYWRuZXoiLCJyb2wiOjJ9.sgcxqIC0aWApgD5kXIJ_mtbHX8KtO-bvCtXEZgU8x3s [] []
[2020-08-04 15:18:21] app.DEBUG: El valor del token es:1596554295 [] []
[2020-08-04 15:18:21] php.INFO: User Deprecated: Creating Doctrine\ORM\Mapping\UnderscoreNamingStrategy without making it number aware is deprecated and will be removed in Doctrine ORM 3.0. {"exception":"[object] (ErrorException(code: 0): User Deprecated: Creating Doctrine\\ORM\\Mapping\\UnderscoreNamingStrategy without making it number aware is deprecated and will be removed in Doctrine ORM 3.0. at /var/www/backend_app/vendor/doctrine/orm/lib/Doctrine/ORM/Mapping/UnderscoreNamingStrategy.php:66)"} []
[2020-08-04 15:18:31] request.INFO: Matched route "app_course_getpremiercourses". {"route":"app_course_getpremiercourses","route_parameters":{"_controller":"AppBundle\\Controller\\CourseController::getPremierCourses","_route":"app_course_getpremiercourses"},"request_uri":"http://localhost:8001/api/getPremierCourses","method":"POST"} []
[2020-08-04 15:18:31] security.INFO: Populated the TokenStorage with an anonymous Token. [] []
[2020-08-04 15:18:32] php.INFO: User Deprecated: Creating Doctrine\ORM\Mapping\UnderscoreNamingStrategy without making it number aware is deprecated and will be removed in Doctrine ORM 3.0. {"exception":"[object] (ErrorException(code: 0): User Deprecated: Creating Doctrine\\ORM\\Mapping\\UnderscoreNamingStrategy without making it number aware is deprecated and will be removed in Doctrine ORM 3.0. at /var/www/backend_app/vendor/doctrine/orm/lib/Doctrine/ORM/Mapping/UnderscoreNamingStrategy.php:66)"} []
[2020-08-04 15:18:33] app.DEBUG: eyJ0eXAiOiJKV1QiLCJhbGciOiJIUzI1NiJ9.eyJpYXQiOjE1OTY1NTQyOTUsImV4cCI6MTU5OTE0NjI5NSwibWFpbCI6Im1hcmlvLmhpZGFsZ29tQHlhaG9vLmNvbS5teCIsIm5hbWUiOiJNYXJpbyBIaWRhbGdvIE1hcnRcdTAwYzNcdTAwYWRuZXoiLCJyb2wiOjJ9.sgcxqIC0aWApgD5kXIJ_mtbHX8KtO-bvCtXEZgU8x3s [] []
[2020-08-04 15:18:33] app.DEBUG: El valor del token es:1596554295 [] []
[2020-08-04 15:19:10] request.INFO: Matched route "app_login_login". {"route":"app_login_login","route_parameters":{"_controller":"AppBundle\\Controller\\LoginController::login","_route":"app_login_login"},"request_uri":"http://localhost:8001/api/login","method":"POST"} []
[2020-08-04 15:19:11] security.INFO: Populated the TokenStorage with an anonymous Token. [] []
[2020-08-04 15:19:12] app.DEBUG: usuario: mario.hidalgom@yahoo.com.mx pwd: N30sdiscom18 [] []
[2020-08-04 15:19:12] php.INFO: User Deprecated: Creating Doctrine\ORM\Mapping\UnderscoreNamingStrategy without making it number aware is deprecated and will be removed in Doctrine ORM 3.0. {"exception":"[object] (ErrorException(code: 0): User Deprecated: Creating Doctrine\\ORM\\Mapping\\UnderscoreNamingStrategy without making it number aware is deprecated and will be removed in Doctrine ORM 3.0. at /var/www/backend_app/vendor/doctrine/orm/lib/Doctrine/ORM/Mapping/UnderscoreNamingStrategy.php:66)"} []
[2020-08-04 15:19:14] app.DEBUG: jwt: eyJ0eXAiOiJKV1QiLCJhbGciOiJIUzI1NiJ9.eyJpYXQiOjE1OTY1NTQzNTQsImV4cCI6MTU5OTE0NjM1NCwibWFpbCI6Im1hcmlvLmhpZGFsZ29tQHlhaG9vLmNvbS5teCIsIm5hbWUiOiJNYXJpbyBIaWRhbGdvIE1hcnRcdTAwYzNcdTAwYWRuZXoiLCJyb2wiOjJ9.sxrEHrUHhqvxNzHo_VaBZjR7Yt4j49IfdpHHu7Uwa2s [] []
[2020-08-04 15:19:17] request.INFO: Matched route "app_course_getcoursesbyuser". {"route":"app_course_getcoursesbyuser","route_parameters":{"_controller":"AppBundle\\Controller\\CourseController::getCoursesByUser","_route":"app_course_getcoursesbyuser"},"request_uri":"http://localhost:8001/api/course/getCoursesByUser","method":"POST"} []
[2020-08-04 15:19:17] security.INFO: Populated the TokenStorage with an anonymous Token. [] []
[2020-08-04 15:19:19] app.DEBUG: eyJ0eXAiOiJKV1QiLCJhbGciOiJIUzI1NiJ9.eyJpYXQiOjE1OTY1NTQzNTQsImV4cCI6MTU5OTE0NjM1NCwibWFpbCI6Im1hcmlvLmhpZGFsZ29tQHlhaG9vLmNvbS5teCIsIm5hbWUiOiJNYXJpbyBIaWRhbGdvIE1hcnRcdTAwYzNcdTAwYWRuZXoiLCJyb2wiOjJ9.sxrEHrUHhqvxNzHo_VaBZjR7Yt4j49IfdpHHu7Uwa2s [] []
[2020-08-04 15:19:19] app.DEBUG: El valor del token es:1596554354 [] []
[2020-08-04 15:19:19] php.INFO: User Deprecated: Creating Doctrine\ORM\Mapping\UnderscoreNamingStrategy without making it number aware is deprecated and will be removed in Doctrine ORM 3.0. {"exception":"[object] (ErrorException(code: 0): User Deprecated: Creating Doctrine\\ORM\\Mapping\\UnderscoreNamingStrategy without making it number aware is deprecated and will be removed in Doctrine ORM 3.0. at /var/www/backend_app/vendor/doctrine/orm/lib/Doctrine/ORM/Mapping/UnderscoreNamingStrategy.php:66)"} []
[2020-08-04 15:20:59] request.INFO: Matched route "app_course_getall". {"route":"app_course_getall","route_parameters":{"_controller":"AppBundle\\Controller\\CourseController::getAll","_route":"app_course_getall"},"request_uri":"http://localhost:8001/api/getcourse","method":"GET"} []
[2020-08-04 15:20:59] security.INFO: Populated the TokenStorage with an anonymous Token. [] []
[2020-08-04 15:21:00] app.INFO: this is a test message [] []
[2020-08-04 15:21:00] php.INFO: User Deprecated: Creating Doctrine\ORM\Mapping\UnderscoreNamingStrategy without making it number aware is deprecated and will be removed in Doctrine ORM 3.0. {"exception":"[object] (ErrorException(code: 0): User Deprecated: Creating Doctrine\\ORM\\Mapping\\UnderscoreNamingStrategy without making it number aware is deprecated and will be removed in Doctrine ORM 3.0. at /var/www/backend_app/vendor/doctrine/orm/lib/Doctrine/ORM/Mapping/UnderscoreNamingStrategy.php:66)"} []
[2020-08-04 15:21:07] request.INFO: Matched route "app_course_getpremiercourses". {"route":"app_course_getpremiercourses","route_parameters":{"_controller":"AppBundle\\Controller\\CourseController::getPremierCourses","_route":"app_course_getpremiercourses"},"request_uri":"http://localhost:8001/api/getPremierCourses","method":"POST"} []
[2020-08-04 15:21:07] security.INFO: Populated the TokenStorage with an anonymous Token. [] []
[2020-08-04 15:21:08] php.INFO: User Deprecated: Creating Doctrine\ORM\Mapping\UnderscoreNamingStrategy without making it number aware is deprecated and will be removed in Doctrine ORM 3.0. {"exception":"[object] (ErrorException(code: 0): User Deprecated: Creating Doctrine\\ORM\\Mapping\\UnderscoreNamingStrategy without making it number aware is deprecated and will be removed in Doctrine ORM 3.0. at /var/www/backend_app/vendor/doctrine/orm/lib/Doctrine/ORM/Mapping/UnderscoreNamingStrategy.php:66)"} []
[2020-08-04 15:21:09] app.DEBUG: eyJ0eXAiOiJKV1QiLCJhbGciOiJIUzI1NiJ9.eyJpYXQiOjE1OTY1NTQzNTQsImV4cCI6MTU5OTE0NjM1NCwibWFpbCI6Im1hcmlvLmhpZGFsZ29tQHlhaG9vLmNvbS5teCIsIm5hbWUiOiJNYXJpbyBIaWRhbGdvIE1hcnRcdTAwYzNcdTAwYWRuZXoiLCJyb2wiOjJ9.sxrEHrUHhqvxNzHo_VaBZjR7Yt4j49IfdpHHu7Uwa2s [] []
[2020-08-04 15:21:09] app.DEBUG: El valor del token es:1596554354 [] []
[2020-08-04 15:21:16] request.INFO: Matched route "app_course_getcoursesbyuser". {"route":"app_course_getcoursesbyuser","route_parameters":{"_controller":"AppBundle\\Controller\\CourseController::getCoursesByUser","_route":"app_course_getcoursesbyuser"},"request_uri":"http://localhost:8001/api/course/getCoursesByUser","method":"POST"} []
[2020-08-04 15:21:16] security.INFO: Populated the TokenStorage with an anonymous Token. [] []
[2020-08-04 15:21:17] app.DEBUG: eyJ0eXAiOiJKV1QiLCJhbGciOiJIUzI1NiJ9.eyJpYXQiOjE1OTY1NTQzNTQsImV4cCI6MTU5OTE0NjM1NCwibWFpbCI6Im1hcmlvLmhpZGFsZ29tQHlhaG9vLmNvbS5teCIsIm5hbWUiOiJNYXJpbyBIaWRhbGdvIE1hcnRcdTAwYzNcdTAwYWRuZXoiLCJyb2wiOjJ9.sxrEHrUHhqvxNzHo_VaBZjR7Yt4j49IfdpHHu7Uwa2s [] []
[2020-08-04 15:21:17] app.DEBUG: El valor del token es:1596554354 [] []
[2020-08-04 15:21:18] php.INFO: User Deprecated: Creating Doctrine\ORM\Mapping\UnderscoreNamingStrategy without making it number aware is deprecated and will be removed in Doctrine ORM 3.0. {"exception":"[object] (ErrorException(code: 0): User Deprecated: Creating Doctrine\\ORM\\Mapping\\UnderscoreNamingStrategy without making it number aware is deprecated and will be removed in Doctrine ORM 3.0. at /var/www/backend_app/vendor/doctrine/orm/lib/Doctrine/ORM/Mapping/UnderscoreNamingStrategy.php:66)"} []
[2020-08-04 15:29:57] request.INFO: Matched route "app_login_login". {"route":"app_login_login","route_parameters":{"_controller":"AppBundle\\Controller\\LoginController::login","_route":"app_login_login"},"request_uri":"http://localhost:8001/api/login","method":"POST"} []
[2020-08-04 15:29:58] security.INFO: Populated the TokenStorage with an anonymous Token. [] []
[2020-08-04 15:30:01] app.DEBUG: usuario: hhugohm@gmail.com pwd: adsdsd [] []
[2020-08-04 15:30:01] php.INFO: User Deprecated: Creating Doctrine\ORM\Mapping\UnderscoreNamingStrategy without making it number aware is deprecated and will be removed in Doctrine ORM 3.0. {"exception":"[object] (ErrorException(code: 0): User Deprecated: Creating Doctrine\\ORM\\Mapping\\UnderscoreNamingStrategy without making it number aware is deprecated and will be removed in Doctrine ORM 3.0. at /var/www/backend_app/vendor/doctrine/orm/lib/Doctrine/ORM/Mapping/UnderscoreNamingStrategy.php:66)"} []
[2020-08-04 15:30:21] request.INFO: Matched route "app_course_getall". {"route":"app_course_getall","route_parameters":{"_controller":"AppBundle\\Controller\\CourseController::getAll","_route":"app_course_getall"},"request_uri":"http://localhost:8001/api/getcourse","method":"GET"} []
[2020-08-04 15:30:22] security.INFO: Populated the TokenStorage with an anonymous Token. [] []
[2020-08-04 15:30:24] app.INFO: this is a test message [] []
[2020-08-04 15:30:24] php.INFO: User Deprecated: Creating Doctrine\ORM\Mapping\UnderscoreNamingStrategy without making it number aware is deprecated and will be removed in Doctrine ORM 3.0. {"exception":"[object] (ErrorException(code: 0): User Deprecated: Creating Doctrine\\ORM\\Mapping\\UnderscoreNamingStrategy without making it number aware is deprecated and will be removed in Doctrine ORM 3.0. at /var/www/backend_app/vendor/doctrine/orm/lib/Doctrine/ORM/Mapping/UnderscoreNamingStrategy.php:66)"} []
[2020-08-04 15:30:33] request.INFO: Matched route "app_course_getall". {"route":"app_course_getall","route_parameters":{"_controller":"AppBundle\\Controller\\CourseController::getAll","_route":"app_course_getall"},"request_uri":"http://localhost:8001/api/getcourse","method":"GET"} []
[2020-08-04 15:30:34] security.INFO: Populated the TokenStorage with an anonymous Token. [] []
[2020-08-04 15:30:36] app.INFO: this is a test message [] []
[2020-08-04 15:30:36] php.INFO: User Deprecated: Creating Doctrine\ORM\Mapping\UnderscoreNamingStrategy without making it number aware is deprecated and will be removed in Doctrine ORM 3.0. {"exception":"[object] (ErrorException(code: 0): User Deprecated: Creating Doctrine\\ORM\\Mapping\\UnderscoreNamingStrategy without making it number aware is deprecated and will be removed in Doctrine ORM 3.0. at /var/www/backend_app/vendor/doctrine/orm/lib/Doctrine/ORM/Mapping/UnderscoreNamingStrategy.php:66)"} []
[2020-08-04 15:30:45] request.INFO: Matched route "app_course_getall". {"route":"app_course_getall","route_parameters":{"_controller":"AppBundle\\Controller\\CourseController::getAll","_route":"app_course_getall"},"request_uri":"http://localhost:8001/api/getcourse","method":"GET"} []
[2020-08-04 15:30:46] security.INFO: Populated the TokenStorage with an anonymous Token. [] []
[2020-08-04 15:30:46] app.INFO: this is a test message [] []
[2020-08-04 15:30:46] php.INFO: User Deprecated: Creating Doctrine\ORM\Mapping\UnderscoreNamingStrategy without making it number aware is deprecated and will be removed in Doctrine ORM 3.0. {"exception":"[object] (ErrorException(code: 0): User Deprecated: Creating Doctrine\\ORM\\Mapping\\UnderscoreNamingStrategy without making it number aware is deprecated and will be removed in Doctrine ORM 3.0. at /var/www/backend_app/vendor/doctrine/orm/lib/Doctrine/ORM/Mapping/UnderscoreNamingStrategy.php:66)"} []
[2020-08-05 01:07:17] request.INFO: Matched route "app_login_login". {"route":"app_login_login","route_parameters":{"_controller":"AppBundle\\Controller\\LoginController::login","_route":"app_login_login"},"request_uri":"http://localhost:8001/api/login","method":"POST"} []
[2020-08-05 01:07:17] security.INFO: Populated the TokenStorage with an anonymous Token. [] []
[2020-08-05 01:07:20] app.DEBUG: usuario: mario.hidalgom@yahoo.com.mx pwd: c [] []
[2020-08-05 01:07:21] php.INFO: User Deprecated: Creating Doctrine\ORM\Mapping\UnderscoreNamingStrategy without making it number aware is deprecated and will be removed in Doctrine ORM 3.0. {"exception":"[object] (ErrorException(code: 0): User Deprecated: Creating Doctrine\\ORM\\Mapping\\UnderscoreNamingStrategy without making it number aware is deprecated and will be removed in Doctrine ORM 3.0. at /var/www/app_backend/vendor/doctrine/orm/lib/Doctrine/ORM/Mapping/UnderscoreNamingStrategy.php:66)"} []
[2020-08-05 01:08:14] request.INFO: Matched route "app_login_login". {"route":"app_login_login","route_parameters":{"_controller":"AppBundle\\Controller\\LoginController::login","_route":"app_login_login"},"request_uri":"http://localhost:8001/api/login","method":"POST"} []
[2020-08-05 01:08:15] security.INFO: Populated the TokenStorage with an anonymous Token. [] []
[2020-08-05 01:08:17] app.DEBUG: usuario: mario.hidalgom@yahoo.com.mx pwd: N30sdiscom18 [] []
[2020-08-05 01:08:17] php.INFO: User Deprecated: Creating Doctrine\ORM\Mapping\UnderscoreNamingStrategy without making it number aware is deprecated and will be removed in Doctrine ORM 3.0. {"exception":"[object] (ErrorException(code: 0): User Deprecated: Creating Doctrine\\ORM\\Mapping\\UnderscoreNamingStrategy without making it number aware is deprecated and will be removed in Doctrine ORM 3.0. at /var/www/app_backend/vendor/doctrine/orm/lib/Doctrine/ORM/Mapping/UnderscoreNamingStrategy.php:66)"} []
[2020-08-05 01:08:20] app.DEBUG: jwt: eyJ0eXAiOiJKV1QiLCJhbGciOiJIUzI1NiJ9.eyJpYXQiOjE1OTY1ODk3MDAsImV4cCI6MTU5OTE4MTcwMCwibWFpbCI6Im1hcmlvLmhpZGFsZ29tQHlhaG9vLmNvbS5teCIsIm5hbWUiOiJNYXJpbyBIaWRhbGdvIE1hcnRcdTAwYzNcdTAwYWRuZXoiLCJyb2wiOjJ9.9dleDdy3MTmLH212ITjm-AaUIwTm8wK_jKI9V4n7V80 [] []
[2020-08-05 01:08:29] request.INFO: Matched route "app_course_getall". {"route":"app_course_getall","route_parameters":{"_controller":"AppBundle\\Controller\\CourseController::getAll","_route":"app_course_getall"},"request_uri":"http://localhost:8001/api/getcourse","method":"GET"} []
[2020-08-05 01:08:29] request.INFO: Matched route "app_course_getcoursesbyuser". {"route":"app_course_getcoursesbyuser","route_parameters":{"_controller":"AppBundle\\Controller\\CourseController::getCoursesByUser","_route":"app_course_getcoursesbyuser"},"request_uri":"http://localhost:8001/api/course/getCoursesByUser","method":"POST"} []
[2020-08-05 01:08:30] security.INFO: Populated the TokenStorage with an anonymous Token. [] []
[2020-08-05 01:08:30] security.INFO: Populated the TokenStorage with an anonymous Token. [] []
[2020-08-05 01:08:31] app.INFO: this is a test message [] []
[2020-08-05 01:08:31] php.INFO: User Deprecated: Creating Doctrine\ORM\Mapping\UnderscoreNamingStrategy without making it number aware is deprecated and will be removed in Doctrine ORM 3.0. {"exception":"[object] (ErrorException(code: 0): User Deprecated: Creating Doctrine\\ORM\\Mapping\\UnderscoreNamingStrategy without making it number aware is deprecated and will be removed in Doctrine ORM 3.0. at /var/www/app_backend/vendor/doctrine/orm/lib/Doctrine/ORM/Mapping/UnderscoreNamingStrategy.php:66)"} []
[2020-08-05 01:08:31] app.DEBUG: eyJ0eXAiOiJKV1QiLCJhbGciOiJIUzI1NiJ9.eyJpYXQiOjE1OTY1ODk3MDAsImV4cCI6MTU5OTE4MTcwMCwibWFpbCI6Im1hcmlvLmhpZGFsZ29tQHlhaG9vLmNvbS5teCIsIm5hbWUiOiJNYXJpbyBIaWRhbGdvIE1hcnRcdTAwYzNcdTAwYWRuZXoiLCJyb2wiOjJ9.9dleDdy3MTmLH212ITjm-AaUIwTm8wK_jKI9V4n7V80 [] []
[2020-08-05 01:08:31] app.DEBUG: El valor del token es:1596589700 [] []
[2020-08-05 01:08:32] php.INFO: User Deprecated: Creating Doctrine\ORM\Mapping\UnderscoreNamingStrategy without making it number aware is deprecated and will be removed in Doctrine ORM 3.0. {"exception":"[object] (ErrorException(code: 0): User Deprecated: Creating Doctrine\\ORM\\Mapping\\UnderscoreNamingStrategy without making it number aware is deprecated and will be removed in Doctrine ORM 3.0. at /var/www/app_backend/vendor/doctrine/orm/lib/Doctrine/ORM/Mapping/UnderscoreNamingStrategy.php:66)"} []
[2020-08-05 01:08:40] request.INFO: Matched route "app_course_getall". {"route":"app_course_getall","route_parameters":{"_controller":"AppBundle\\Controller\\CourseController::getAll","_route":"app_course_getall"},"request_uri":"http://localhost:8001/api/getcourse","method":"GET"} []
[2020-08-05 01:08:41] security.INFO: Populated the TokenStorage with an anonymous Token. [] []
[2020-08-05 01:08:42] app.INFO: this is a test message [] []
[2020-08-05 01:08:42] php.INFO: User Deprecated: Creating Doctrine\ORM\Mapping\UnderscoreNamingStrategy without making it number aware is deprecated and will be removed in Doctrine ORM 3.0. {"exception":"[object] (ErrorException(code: 0): User Deprecated: Creating Doctrine\\ORM\\Mapping\\UnderscoreNamingStrategy without making it number aware is deprecated and will be removed in Doctrine ORM 3.0. at /var/www/app_backend/vendor/doctrine/orm/lib/Doctrine/ORM/Mapping/UnderscoreNamingStrategy.php:66)"} []
